Loading images from /global/cfs/cdirs/m4293/visulaization_paper/small_scale/MNIST/train-images-idx3-ubyte
--------------------------------------------------------------------------------
TSNE(early_exaggeration=12, n_jobs=64, perplexity=20, random_state=42,
     verbose=True)
--------------------------------------------------------------------------------
===> Finding 60 nearest neighbors using Annoy approximate search using euclidean distance...
   --> Time elapsed: 22.23 seconds
===> Calculating affinity matrix...
   --> Time elapsed: 0.24 seconds
===> Calculating PCA-based initialization...
   --> Time elapsed: 0.59 seconds
===> Running optimization with exaggeration=12.00, lr=4000.00 for 250 iterations...
Iteration   50, KL divergence 6.0110, 50 iterations in 1.0784 sec
Iteration  100, KL divergence 5.8201, 50 iterations in 1.0650 sec
Iteration  150, KL divergence 5.7599, 50 iterations in 1.2727 sec
Iteration  200, KL divergence 5.7385, 50 iterations in 1.3078 sec
Iteration  250, KL divergence 5.7294, 50 iterations in 1.0943 sec
   --> Time elapsed: 5.82 seconds
===> Running optimization with exaggeration=1.00, lr=48000.00 for 500 iterations...
Iteration   50, KL divergence 3.5589, 50 iterations in 1.2009 sec
Iteration  100, KL divergence 3.2767, 50 iterations in 1.7964 sec
Iteration  150, KL divergence 3.1304, 50 iterations in 2.6366 sec
Iteration  200, KL divergence 3.0336, 50 iterations in 3.5451 sec
Iteration  250, KL divergence 2.9631, 50 iterations in 4.2900 sec
Iteration  300, KL divergence 2.9082, 50 iterations in 4.9708 sec
Iteration  350, KL divergence 2.8638, 50 iterations in 5.5401 sec
Iteration  400, KL divergence 2.8263, 50 iterations in 6.4543 sec
Iteration  450, KL divergence 2.7949, 50 iterations in 7.1826 sec
Iteration  500, KL divergence 2.7674, 50 iterations in 7.6400 sec
   --> Time elapsed: 45.26 seconds
===> Finding 15 nearest neighbors in existing embedding using Annoy approximate search...
   --> Time elapsed: 2.31 seconds
===> Calculating affinity matrix...
   --> Time elapsed: 0.01 seconds
===> Running optimization with exaggeration=4.00, lr=0.10 for 0 iterations...
   --> Time elapsed: 0.00 seconds
===> Running optimization with exaggeration=1.50, lr=0.10 for 250 iterations...
Iteration   50, KL divergence 171526.0808, 50 iterations in 0.2224 sec
Iteration  100, KL divergence 170085.7281, 50 iterations in 0.2178 sec
Iteration  150, KL divergence 169213.3192, 50 iterations in 0.2136 sec
Iteration  200, KL divergence 168634.5620, 50 iterations in 0.2108 sec
Iteration  250, KL divergence 168223.0247, 50 iterations in 0.2139 sec
   --> Time elapsed: 1.08 seconds
t-SNE completed in 78.0623 seconds with perplexity=20, n_jobs=64
t-SNE visualization saved to /global/homes/d/dhaura/repos/graph-visualization/tsne/output/openTSNE/MNIST_p_20.png
KNNG Classifier Accuracy: 0.9514 in 0.0177 seconds with n_neighbors=10
KNNG Classifier Accuracy: 0.9513 in 0.0173 seconds with n_neighbors=20
KNNG Classifier Accuracy: 0.9511 in 0.0173 seconds with n_neighbors=50
KNNG Classifier Accuracy: 0.9507 in 0.0174 seconds with n_neighbors=100
